# JRE version: OpenJDK Runtime Environment Temurin-21.0.10+7 (21.0.10+7) (build 21.0.10+7-LTS)
# Java VM: OpenJDK 64-Bit Server VM Temurin-21.0.10+7 (21.0.10+7-LTS, mixed mode, sharing, tiered, compressed oops, compressed class ptrs, parallel gc, windows-amd64)
GC Precious Log:
 CardTable entry size: 512
 CPUs: 8 total, 8 available
 Memory: 7960M
 Large Page Support: Disabled
 NUMA Support: Disabled
 Compressed Oops: Enabled (32-bit)
 Alignments: Space 512K, Generation 512K, Heap 2M
 Heap Min Capacity: 100M
 Heap Initial Capacity: 100M
 Heap Max Capacity: 2G
 Pre-touch: Disabled
 Parallel Workers: 8
Heap:
 PSYoungGen      total 22528K, used 14580K [0x00000000d5580000, 0x00000000d6c80000, 0x0000000100000000)
  eden space 22016K, 65% used [0x00000000d5580000,0x00000000d637d050,0x00000000d6b00000)
  from space 512K, 50% used [0x00000000d6c00000,0x00000000d6c40000,0x00000000d6c80000)
  to   space 512K, 0% used [0x00000000d6b80000,0x00000000d6b80000,0x00000000d6c00000)
 ParOldGen       total 68608K, used 61091K [0x0000000080000000, 0x0000000084300000, 0x00000000d5580000)
  object space 68608K, 89% used [0x0000000080000000,0x0000000083ba8e10,0x0000000084300000)
 Metaspace       used 73903K, committed 75648K, reserved 1179648K
  class space    used 9136K, committed 9920K, reserved 1048576K
GC Heap History (20 events):
Event: 209.450 GC heap before
{Heap before GC invocations=60 (full 3):
 PSYoungGen      total 22528K, used 22528K [0x00000000d5580000, 0x00000000d6e00000, 0x0000000100000000)
  eden space 22016K, 100% used [0x00000000d5580000,0x00000000d6b00000,0x00000000d6b00000)
  from space 512K, 100% used [0x00000000d6d00000,0x00000000d6d80000,0x00000000d6d80000)
  to   space 1536K, 0% used [0x00000000d6b00000,0x00000000d6b00000,0x00000000d6c80000)
 ParOldGen       total 68608K, used 56765K [0x0000000080000000, 0x0000000084300000, 0x00000000d5580000)
  object space 68608K, 82% used [0x0000000080000000,0x000000008376f710,0x0000000084300000)
 Metaspace       used 68848K, committed 70272K, reserved 1114112K
  class space    used 8586K, committed 9216K, reserved 1048576K
}
Event: 209.454 GC heap after
{Heap after GC invocations=60 (full 3):
 PSYoungGen      total 23552K, used 352K [0x00000000d5580000, 0x00000000d6d80000, 0x0000000100000000)
  eden space 22016K, 0% used [0x00000000d5580000,0x00000000d5580000,0x00000000d6b00000)
  from space 1536K, 22% used [0x00000000d6b00000,0x00000000d6b58000,0x00000000d6c80000)
  to   space 1024K, 0% used [0x00000000d6c80000,0x00000000d6c80000,0x00000000d6d80000)
 ParOldGen       total 68608K, used 57277K [0x0000000080000000, 0x0000000084300000, 0x00000000d5580000)
  object space 68608K, 83% used [0x0000000080000000,0x00000000837ef710,0x0000000084300000)
 Metaspace       used 68848K, committed 70272K, reserved 1114112K
  class space    used 8586K, committed 9216K, reserved 1048576K
}
Event: 238.188 GC heap before
{Heap before GC invocations=61 (full 3):
 PSYoungGen      total 23552K, used 22346K [0x00000000d5580000, 0x00000000d6d80000, 0x0000000100000000)
  eden space 22016K, 99% used [0x00000000d5580000,0x00000000d6afaa10,0x00000000d6b00000)
  from space 1536K, 22% used [0x00000000d6b00000,0x00000000d6b58000,0x00000000d6c80000)
  to   space 1024K, 0% used [0x00000000d6c80000,0x00000000d6c80000,0x00000000d6d80000)
 ParOldGen       total 68608K, used 57277K [0x0000000080000000, 0x0000000084300000, 0x00000000d5580000)
  object space 68608K, 83% used [0x0000000080000000,0x00000000837ef710,0x0000000084300000)
 Metaspace       used 69211K, committed 70656K, reserved 1114112K
  class space    used 8624K, committed 9280K, reserved 1048576K
}
Event: 238.203 GC heap after
{Heap after GC invocations=61 (full 3):
 PSYoungGen      total 23040K, used 602K [0x00000000d5580000, 0x00000000d6d80000, 0x0000000100000000)
  eden space 22016K, 0% used [0x00000000d5580000,0x00000000d5580000,0x00000000d6b00000)
  from space 1024K, 58% used [0x00000000d6c80000,0x00000000d6d16b28,0x00000000d6d80000)
  to   space 1024K, 0% used [0x00000000d6b80000,0x00000000d6b80000,0x00000000d6c80000)
 ParOldGen       total 68608K, used 57349K [0x0000000080000000, 0x0000000084300000, 0x00000000d5580000)
  object space 68608K, 83% used [0x0000000080000000,0x0000000083801710,0x0000000084300000)
 Metaspace       used 69211K, committed 70656K, reserved 1114112K
  class space    used 8624K, committed 9280K, reserved 1048576K
}
Event: 240.657 GC heap before
{Heap before GC invocations=62 (full 3):
 PSYoungGen      total 23040K, used 22618K [0x00000000d5580000, 0x00000000d6d80000, 0x0000000100000000)
  eden space 22016K, 100% used [0x00000000d5580000,0x00000000d6b00000,0x00000000d6b00000)
  from space 1024K, 58% used [0x00000000d6c80000,0x00000000d6d16b28,0x00000000d6d80000)
  to   space 1024K, 0% used [0x00000000d6b80000,0x00000000d6b80000,0x00000000d6c80000)
 ParOldGen       total 68608K, used 57349K [0x0000000080000000, 0x0000000084300000, 0x00000000d5580000)
  object space 68608K, 83% used [0x0000000080000000,0x0000000083801710,0x0000000084300000)
 Metaspace       used 70462K, committed 72000K, reserved 1114112K
  class space    used 8763K, committed 9408K, reserved 1048576K
}
Event: 240.665 GC heap after
{Heap after GC invocations=62 (full 3):
 PSYoungGen      total 23040K, used 1017K [0x00000000d5580000, 0x00000000d6f00000, 0x0000000100000000)
  eden space 22016K, 0% used [0x00000000d5580000,0x00000000d5580000,0x00000000d6b00000)
  from space 1024K, 99% used [0x00000000d6b80000,0x00000000d6c7e490,0x00000000d6c80000)
  to   space 2048K, 0% used [0x00000000d6d00000,0x00000000d6d00000,0x00000000d6f00000)
 ParOldGen       total 68608K, used 57781K [0x0000000080000000, 0x0000000084300000, 0x00000000d5580000)
  object space 68608K, 84% used [0x0000000080000000,0x000000008386d720,0x0000000084300000)
 Metaspace       used 70462K, committed 72000K, reserved 1114112K
  class space    used 8763K, committed 9408K, reserved 1048576K
}
Event: 241.819 GC heap before
{Heap before GC invocations=63 (full 3):
 PSYoungGen      total 23040K, used 23032K [0x00000000d5580000, 0x00000000d6f00000, 0x0000000100000000)
  eden space 22016K, 99% used [0x00000000d5580000,0x00000000d6affcb0,0x00000000d6b00000)
  from space 1024K, 99% used [0x00000000d6b80000,0x00000000d6c7e490,0x00000000d6c80000)
  to   space 2048K, 0% used [0x00000000d6d00000,0x00000000d6d00000,0x00000000d6f00000)
 ParOldGen       total 68608K, used 57781K [0x0000000080000000, 0x0000000084300000, 0x00000000d5580000)
  object space 68608K, 84% used [0x0000000080000000,0x000000008386d720,0x0000000084300000)
 Metaspace       used 72390K, committed 73984K, reserved 1114112K
  class space    used 9017K, committed 9664K, reserved 1048576K
}
Event: 241.833 GC heap after
{Heap after GC invocations=63 (full 3):
 PSYoungGen      total 23040K, used 880K [0x00000000d5580000, 0x00000000d6e00000, 0x0000000100000000)
  eden space 22016K, 0% used [0x00000000d5580000,0x00000000d5580000,0x00000000d6b00000)
  from space 1024K, 85% used [0x00000000d6d00000,0x00000000d6ddc030,0x00000000d6e00000)
  to   space 1536K, 0% used [0x00000000d6b00000,0x00000000d6b00000,0x00000000d6c80000)
 ParOldGen       total 68608K, used 58807K [0x0000000080000000, 0x0000000084300000, 0x00000000d5580000)
  object space 68608K, 85% used [0x0000000080000000,0x000000008396dd38,0x0000000084300000)
 Metaspace       used 72390K, committed 73984K, reserved 1114112K
  class space    used 9017K, committed 9664K, reserved 1048576K
}
Event: 1114.217 GC heap before
{Heap before GC invocations=64 (full 3):
 PSYoungGen      total 23040K, used 22896K [0x00000000d5580000, 0x00000000d6e00000, 0x0000000100000000)
  eden space 22016K, 100% used [0x00000000d5580000,0x00000000d6b00000,0x00000000d6b00000)
  from space 1024K, 85% used [0x00000000d6d00000,0x00000000d6ddc030,0x00000000d6e00000)
  to   space 1536K, 0% used [0x00000000d6b00000,0x00000000d6b00000,0x00000000d6c80000)
 ParOldGen       total 68608K, used 58807K [0x0000000080000000, 0x0000000084300000, 0x00000000d5580000)
  object space 68608K, 85% used [0x0000000080000000,0x000000008396dd38,0x0000000084300000)
 Metaspace       used 73150K, committed 74880K, reserved 1114112K
  class space    used 9097K, committed 9856K, reserved 1048576K
}
Event: 1114.290 GC heap after
{Heap after GC invocations=64 (full 3):
 PSYoungGen      total 23552K, used 896K [0x00000000d5580000, 0x00000000d6d80000, 0x0000000100000000)
  eden space 22016K, 0% used [0x00000000d5580000,0x00000000d5580000,0x00000000d6b00000)
  from space 1536K, 58% used [0x00000000d6b00000,0x00000000d6be0000,0x00000000d6c80000)
  to   space 1024K, 0% used [0x00000000d6c80000,0x00000000d6c80000,0x00000000d6d80000)
 ParOldGen       total 68608K, used 59428K [0x0000000080000000, 0x0000000084300000, 0x00000000d5580000)
  object space 68608K, 86% used [0x0000000080000000,0x0000000083a091c0,0x0000000084300000)
 Metaspace       used 73150K, committed 74880K, reserved 1114112K
  class space    used 9097K, committed 9856K, reserved 1048576K
}
Event: 1338.158 GC heap before
{Heap before GC invocations=65 (full 3):
 PSYoungGen      total 23552K, used 22912K [0x00000000d5580000, 0x00000000d6d80000, 0x0000000100000000)
  eden space 22016K, 100% used [0x00000000d5580000,0x00000000d6b00000,0x00000000d6b00000)
  from space 1536K, 58% used [0x00000000d6b00000,0x00000000d6be0000,0x00000000d6c80000)
  to   space 1024K, 0% used [0x00000000d6c80000,0x00000000d6c80000,0x00000000d6d80000)
 ParOldGen       total 68608K, used 59428K [0x0000000080000000, 0x0000000084300000, 0x00000000d5580000)
  object space 68608K, 86% used [0x0000000080000000,0x0000000083a091c0,0x0000000084300000)
 Metaspace       used 73264K, committed 74944K, reserved 1114112K
  class space    used 9097K, committed 9856K, reserved 1048576K
}
Event: 1338.189 GC heap after
{Heap after GC invocations=65 (full 3):
 PSYoungGen      total 23040K, used 544K [0x00000000d5580000, 0x00000000d6d80000, 0x0000000100000000)
  eden space 22016K, 0% used [0x00000000d5580000,0x00000000d5580000,0x00000000d6b00000)
  from space 1024K, 53% used [0x00000000d6c80000,0x00000000d6d08010,0x00000000d6d80000)
  to   space 1024K, 0% used [0x00000000d6b80000,0x00000000d6b80000,0x00000000d6c80000)
 ParOldGen       total 68608K, used 60212K [0x0000000080000000, 0x0000000084300000, 0x00000000d5580000)
  object space 68608K, 87% used [0x0000000080000000,0x0000000083acd1c0,0x0000000084300000)
 Metaspace       used 73264K, committed 74944K, reserved 1114112K
  class space    used 9097K, committed 9856K, reserved 1048576K
}
Event: 1785.896 GC heap before
{Heap before GC invocations=66 (full 3):
 PSYoungGen      total 23040K, used 22556K [0x00000000d5580000, 0x00000000d6d80000, 0x0000000100000000)
  eden space 22016K, 99% used [0x00000000d5580000,0x00000000d6aff150,0x00000000d6b00000)
  from space 1024K, 53% used [0x00000000d6c80000,0x00000000d6d08010,0x00000000d6d80000)
  to   space 1024K, 0% used [0x00000000d6b80000,0x00000000d6b80000,0x00000000d6c80000)
 ParOldGen       total 68608K, used 60212K [0x0000000080000000, 0x0000000084300000, 0x00000000d5580000)
  object space 68608K, 87% used [0x0000000080000000,0x0000000083acd1c0,0x0000000084300000)
 Metaspace       used 73353K, committed 75072K, reserved 1179648K
  class space    used 9098K, committed 9856K, reserved 1048576K
}
Event: 1785.935 GC heap after
{Heap after GC invocations=66 (full 3):
 PSYoungGen      total 23040K, used 426K [0x00000000d5580000, 0x00000000d6d00000, 0x0000000100000000)
  eden space 22016K, 0% used [0x00000000d5580000,0x00000000d5580000,0x00000000d6b00000)
  from space 1024K, 41% used [0x00000000d6b80000,0x00000000d6beaa90,0x00000000d6c80000)
  to   space 512K, 0% used [0x00000000d6c80000,0x00000000d6c80000,0x00000000d6d00000)
 ParOldGen       total 68608K, used 60252K [0x0000000080000000, 0x0000000084300000, 0x00000000d5580000)
  object space 68608K, 87% used [0x0000000080000000,0x0000000083ad71c0,0x0000000084300000)
 Metaspace       used 73353K, committed 75072K, reserved 1179648K
  class space    used 9098K, committed 9856K, reserved 1048576K
}
Event: 1810.262 GC heap before
{Heap before GC invocations=67 (full 3):
 PSYoungGen      total 23040K, used 22442K [0x00000000d5580000, 0x00000000d6d00000, 0x0000000100000000)
  eden space 22016K, 99% used [0x00000000d5580000,0x00000000d6afffe8,0x00000000d6b00000)
  from space 1024K, 41% used [0x00000000d6b80000,0x00000000d6beaa90,0x00000000d6c80000)
  to   space 512K, 0% used [0x00000000d6c80000,0x00000000d6c80000,0x00000000d6d00000)
 ParOldGen       total 68608K, used 60252K [0x0000000080000000, 0x0000000084300000, 0x00000000d5580000)
  object space 68608K, 87% used [0x0000000080000000,0x0000000083ad71c0,0x0000000084300000)
 Metaspace       used 73686K, committed 75456K, reserved 1179648K
  class space    used 9136K, committed 9920K, reserved 1048576K
}
Event: 1810.266 GC heap after
{Heap after GC invocations=67 (full 3):
 PSYoungGen      total 22528K, used 512K [0x00000000d5580000, 0x00000000d6d00000, 0x0000000100000000)
  eden space 22016K, 0% used [0x00000000d5580000,0x00000000d5580000,0x00000000d6b00000)
  from space 512K, 100% used [0x00000000d6c80000,0x00000000d6d00000,0x00000000d6d00000)
  to   space 1024K, 0% used [0x00000000d6b00000,0x00000000d6b00000,0x00000000d6c00000)
 ParOldGen       total 68608K, used 60516K [0x0000000080000000, 0x0000000084300000, 0x00000000d5580000)
  object space 68608K, 88% used [0x0000000080000000,0x0000000083b191e0,0x0000000084300000)
 Metaspace       used 73686K, committed 75456K, reserved 1179648K
  class space    used 9136K, committed 9920K, reserved 1048576K
}
Event: 1830.709 GC heap before
{Heap before GC invocations=68 (full 3):
 PSYoungGen      total 22528K, used 22528K [0x00000000d5580000, 0x00000000d6d00000, 0x0000000100000000)
  eden space 22016K, 100% used [0x00000000d5580000,0x00000000d6b00000,0x00000000d6b00000)
  from space 512K, 100% used [0x00000000d6c80000,0x00000000d6d00000,0x00000000d6d00000)
  to   space 1024K, 0% used [0x00000000d6b00000,0x00000000d6b00000,0x00000000d6c00000)
 ParOldGen       total 68608K, used 60516K [0x0000000080000000, 0x0000000084300000, 0x00000000d5580000)
  object space 68608K, 88% used [0x0000000080000000,0x0000000083b191e0,0x0000000084300000)
 Metaspace       used 73740K, committed 75456K, reserved 1179648K
  class space    used 9136K, committed 9920K, reserved 1048576K
}
Event: 1830.720 GC heap after
{Heap after GC invocations=68 (full 3):
 PSYoungGen      total 23040K, used 544K [0x00000000d5580000, 0x00000000d6d00000, 0x0000000100000000)
  eden space 22016K, 0% used [0x00000000d5580000,0x00000000d5580000,0x00000000d6b00000)
  from space 1024K, 53% used [0x00000000d6b00000,0x00000000d6b88000,0x00000000d6c00000)
  to   space 1024K, 0% used [0x00000000d6c00000,0x00000000d6c00000,0x00000000d6d00000)
 ParOldGen       total 68608K, used 60992K [0x0000000080000000, 0x0000000084300000, 0x00000000d5580000)
  object space 68608K, 88% used [0x0000000080000000,0x0000000083b901f0,0x0000000084300000)
 Metaspace       used 73740K, committed 75456K, reserved 1179648K
  class space    used 9136K, committed 9920K, reserved 1048576K
}
Event: 2280.078 GC heap before
{Heap before GC invocations=69 (full 3):
 PSYoungGen      total 23040K, used 22559K [0x00000000d5580000, 0x00000000d6d00000, 0x0000000100000000)
  eden space 22016K, 99% used [0x00000000d5580000,0x00000000d6afff98,0x00000000d6b00000)
  from space 1024K, 53% used [0x00000000d6b00000,0x00000000d6b88000,0x00000000d6c00000)
  to   space 1024K, 0% used [0x00000000d6c00000,0x00000000d6c00000,0x00000000d6d00000)
 ParOldGen       total 68608K, used 60992K [0x0000000080000000, 0x0000000084300000, 0x00000000d5580000)
  object space 68608K, 88% used [0x0000000080000000,0x0000000083b901f0,0x0000000084300000)
 Metaspace       used 73812K, committed 75584K, reserved 1179648K
  class space    used 9136K, committed 9920K, reserved 1048576K
}
Event: 2280.108 GC heap after
{Heap after GC invocations=69 (full 3):
 PSYoungGen      total 22528K, used 256K [0x00000000d5580000, 0x00000000d6c80000, 0x0000000100000000)
  eden space 22016K, 0% used [0x00000000d5580000,0x00000000d5580000,0x00000000d6b00000)
  from space 512K, 50% used [0x00000000d6c00000,0x00000000d6c40000,0x00000000d6c80000)
  to   space 512K, 0% used [0x00000000d6b80000,0x00000000d6b80000,0x00000000d6c00000)
 ParOldGen       total 68608K, used 61091K [0x0000000080000000, 0x0000000084300000, 0x00000000d5580000)
  object space 68608K, 89% used [0x0000000080000000,0x0000000083ba8e10,0x0000000084300000)
 Metaspace       used 73812K, committed 75584K, reserved 1179648K
  class space    used 9136K, committed 9920K, reserved 1048576K
}

